[13:01:16] [main/INFO]: Loading Minecraft 1.20.1 with Fabric Loader 0.14.21
[13:01:16] [main/INFO]: Loading 68 mods:
	- cloth-config 11.0.99
	   \-- cloth-basic-math 0.6.1
	- fabric-api 0.84.0+1.20.1
	   |-- fabric-api-base 0.4.29+b04edc7a77
	   |-- fabric-api-lookup-api-v1 1.6.34+4d8536c977
	   |-- fabric-biome-api-v1 13.0.10+b3afc78b77
	   |-- fabric-block-api-v1 1.0.9+e022e5d177
	   |-- fabric-blockrenderlayer-v1 1.1.39+b3afc78b77
	   |-- fabric-client-tags-api-v1 1.0.20+b3afc78b77
	   |-- fabric-command-api-v1 1.2.32+f71b366f77
	   |-- fabric-command-api-v2 2.2.11+b3afc78b77
	   |-- fabric-commands-v0 0.2.49+df3654b377
	   |-- fabric-containers-v0 0.1.61+df3654b377
	   |-- fabric-content-registries-v0 4.0.7+b3afc78b77
	   |-- fabric-convention-tags-v1 1.5.3+b3afc78b77
	   |-- fabric-crash-report-info-v1 0.2.18+aeb40ebe77
	   |-- fabric-data-generation-api-v1 12.1.11+b3afc78b77
	   |-- fabric-dimensions-v1 2.1.51+b3afc78b77
	   |-- fabric-entity-events-v1 1.5.21+b3afc78b77
	   |-- fabric-events-interaction-v0 0.6.0+b3afc78b77
	   |-- fabric-events-lifecycle-v0 0.2.61+df3654b377
	   |-- fabric-game-rule-api-v1 1.0.38+b04edc7a77
	   |-- fabric-item-api-v1 2.1.26+b3afc78b77
	   |-- fabric-item-group-api-v1 4.0.7+b3afc78b77
	   |-- fabric-key-binding-api-v1 1.0.36+fb8d95da77
	   |-- fabric-keybindings-v0 0.2.34+df3654b377
	   |-- fabric-lifecycle-events-v1 2.2.20+b3afc78b77
	   |-- fabric-loot-api-v2 1.1.37+b3afc78b77
	   |-- fabric-loot-tables-v1 1.1.41+9e7660c677
	   |-- fabric-message-api-v1 5.1.6+b3afc78b77
	   |-- fabric-mining-level-api-v1 2.1.47+b3afc78b77
	   |-- fabric-models-v0 0.3.35+b3afc78b77
	   |-- fabric-networking-api-v1 1.3.8+b3afc78b77
	   |-- fabric-networking-v0 0.3.48+df3654b377
	   |-- fabric-object-builder-api-v1 11.0.6+b3afc78b77
	   |-- fabric-particles-v1 1.0.28+b3afc78b77
	   |-- fabric-recipe-api-v1 1.0.18+b3afc78b77
	   |-- fabric-registry-sync-v0 2.2.6+b3afc78b77
	   |-- fabric-renderer-api-v1 3.1.0+c154966e77
	   |-- fabric-renderer-indigo 1.4.0+c154966e77
	   |-- fabric-renderer-registries-v1 3.2.44+df3654b377
	   |-- fabric-rendering-data-attachment-v1 0.3.33+b3afc78b77
	   |-- fabric-rendering-fluids-v1 3.0.26+b3afc78b77
	   |-- fabric-rendering-v0 1.1.47+df3654b377
	   |-- fabric-rendering-v1 3.0.6+b3afc78b77
	   |-- fabric-resource-conditions-api-v1 2.3.5+ea08f9d877
	   |-- fabric-resource-loader-v0 0.11.7+f7923f6d77
	   |-- fabric-screen-api-v1 2.0.6+b3afc78b77
	   |-- fabric-screen-handler-api-v1 1.3.27+b3afc78b77
	   |-- fabric-sound-api-v1 1.0.12+b3afc78b77
	   |-- fabric-transfer-api-v1 3.2.2+b3afc78b77
	   \-- fabric-transitive-access-wideners-v1 4.2.0+b3afc78b77
	- fabric-language-kotlin 1.10.0+kotlin.1.9.0
	   |-- org_jetbrains_kotlin_kotlin-reflect 1.9.0
	   |-- org_jetbrains_kotlin_kotlin-stdlib 1.9.0
	   |-- org_jetbrains_kotlin_kotlin-stdlib-jdk7 1.9.0
	   |-- org_jetbrains_kotlin_kotlin-stdlib-jdk8 1.9.0
	   |-- org_jetbrains_kotlinx_atomicfu-jvm 0.21.0
	   |-- org_jetbrains_kotlinx_kotlinx-coroutines-core-jvm 1.7.2
	   |-- org_jetbrains_kotlinx_kotlinx-coroutines-jdk8 1.7.2
	   |-- org_jetbrains_kotlinx_kotlinx-datetime-jvm 0.4.0
	   |-- org_jetbrains_kotlinx_kotlinx-serialization-cbor-jvm 1.5.1
	   |-- org_jetbrains_kotlinx_kotlinx-serialization-core-jvm 1.5.1
	   \-- org_jetbrains_kotlinx_kotlinx-serialization-json-jvm 1.5.1
	- fabricloader 0.14.21
	- ironchest 2.0.0
	   \-- libgui 8.0.0+1.20
	        |-- jankson 5.0.1+j1.2.2
	        |    \-- blue_endless_jankson 1.2.2
	        \-- libninepatch 1.2.0
	- java 19
	- lithium 0.11.2
	- luckperms 5.4.88
	   \-- fabric-permissions-api-v0 0.2-SNAPSHOT
	- minecraft 1.20.1
	- plasmovoice 2.0.6
	   |-- aopalliance_aopalliance 1.0
	   |-- com_google_inject_guice 5.0.1
	   |-- fabric-permissions-api-v0 0.2-SNAPSHOT
	   \-- javax_inject_javax_inject 1
	- tab 4.0.2
[13:01:16] [main/INFO]: SpongePowered MIXIN Subsystem Version=0.8.5 Source=file:/C:/Users/Delvi/Downloads/serverminecraft/fabric/libraries/net/fabricmc/sponge-mixin/0.12.5+mixin.0.8.5/sponge-mixin-0.12.5+mixin.0.8.5.jar Service=Knot/Fabric Env=SERVER
[13:01:17] [main/INFO]: Compatibility level set to JAVA_16
[13:01:17] [main/INFO]: Compatibility level set to JAVA_17
[13:01:17] [main/INFO]: Loaded configuration file for Lithium: 115 options available, 0 override(s) found
[13:01:36] [main/INFO]: Environment: authHost='https://authserver.mojang.com', accountsHost='https://api.mojang.com', sessionHost='https://sessionserver.mojang.com', servicesHost='https://api.minecraftservices.com', name='PROD'
[13:01:38] [main/INFO]: [fabric-registry-sync] Loaded registry data [file 1/4]
[13:01:40] [main/INFO]: Loaded 7 recipes
[13:01:40] [main/INFO]: Loaded 1271 advancements
[13:01:41] [main/INFO]: Applied 0 biome modifications to 0 of 64 new biomes in 2.879 ms
[13:01:41] [Server thread/INFO]:         __    
[13:01:41] [Server thread/INFO]:   |    |__)   LuckPerms v5.4.88
[13:01:41] [Server thread/INFO]:   |___ |      Running on Fabric - fabric@0.84.0+1.20.1
[13:01:41] [Server thread/INFO]: 
[13:01:41] [Server thread/INFO]: Loading configuration...
[13:01:42] [Server thread/INFO]: Loading storage provider... [H2]
[13:01:43] [Server thread/INFO]: Loading internal permission managers...
[13:01:43] [Server thread/INFO]: Performing initial data load...
[13:01:43] [Server thread/INFO]: Successfully enabled. (took 2112ms)
[13:01:44] [Server thread/INFO]: [TAB] Enabled in 754ms
[13:01:44] [Server thread/INFO]: Starting minecraft server version 1.20.1
[13:01:44] [Server thread/INFO]: Loading properties
[13:01:44] [Server thread/INFO]: Default game type: SURVIVAL
[13:01:44] [Server thread/INFO]: Generating keypair
[13:01:44] [Server thread/INFO]: Starting Minecraft server on *:25565
[13:01:44] [Server thread/INFO]: Using default channel type
[13:01:45] [Server thread/INFO]: Preparing level "world"
[13:01:48] [Server thread/INFO]: Preparing start region for dimension minecraft:overworld
[13:01:53] [Worker-Main-6/INFO]: Preparing spawn area: 0%
[13:01:53] [Worker-Main-5/INFO]: Preparing spawn area: 0%
[13:01:53] [Worker-Main-5/INFO]: Preparing spawn area: 0%
[13:01:53] [Worker-Main-4/INFO]: Preparing spawn area: 0%
[13:01:53] [Worker-Main-4/INFO]: Preparing spawn area: 0%
[13:01:53] [Worker-Main-5/INFO]: Preparing spawn area: 0%
[13:01:53] [Worker-Main-1/INFO]: Preparing spawn area: 0%
[13:01:53] [Worker-Main-1/INFO]: Preparing spawn area: 0%
[13:01:53] [Worker-Main-1/INFO]: Preparing spawn area: 0%
[13:01:53] [Worker-Main-1/INFO]: Preparing spawn area: 0%
[13:01:53] [Worker-Main-1/INFO]: Preparing spawn area: 0%
[13:01:53] [Worker-Main-1/INFO]: Preparing spawn area: 0%
[13:01:54] [Worker-Main-4/INFO]: Preparing spawn area: 0%
[13:01:54] [Worker-Main-5/INFO]: Preparing spawn area: 2%
[13:01:55] [Worker-Main-7/INFO]: Preparing spawn area: 22%
[13:01:55] [Worker-Main-1/INFO]: Preparing spawn area: 97%
[13:01:56] [Server thread/INFO]: Time elapsed: 7564 ms
[13:01:56] [Server thread/INFO]: Done (10.862s)! For help, type "help"
[13:01:56] [Server thread/INFO]: LuckPerms permissions listener attached
[13:01:56] [Server thread/INFO]: UDP server is started on /[0:0:0:0:0:0:0:0]:25565
[13:02:25] [User Authenticator #1/INFO]: UUID of player SrChris is 961b2f81-0141-40d6-bc47-3b562e9d6188
[13:02:25] [Server thread/INFO]: SrChris[/127.0.0.1:55841] logged in with entity id 59 at (-124.6782781916791, 77.0, 353.7163319504721)
[13:02:26] [Server thread/INFO]: SrChris joined the game
[13:04:21] [Server thread/INFO]: SrChris lost connection: Disconnected
[13:04:21] [Server thread/INFO]: SrChris left the game
[13:19:09] [Server thread/INFO]: Stopping the server
[13:19:09] [Server thread/INFO]: UDP server is stopped
[13:19:09] [Server thread/INFO]: Starting shutdown process...
[13:19:09] [Server thread/INFO]: Closing storage...
[13:19:09] [Server thread/INFO]: Goodbye!
[13:19:09] [Server thread/INFO]: [TAB] Disabled in 7ms
[13:19:09] [Server thread/INFO]: Stopping server
[13:19:09] [Server thread/INFO]: Saving players
[13:19:09] [Server thread/INFO]: Saving worlds
[13:19:10] [Server thread/INFO]: Saving chunks for level 'ServerLevel[world]'/minecraft:overworld
[13:19:10] [Server thread/INFO]: Saving chunks for level 'ServerLevel[world]'/minecraft:the_end
[13:19:10] [Server thread/INFO]: Saving chunks for level 'ServerLevel[world]'/minecraft:the_nether
[13:19:10] [Server thread/INFO]: ThreadedAnvilChunkStorage (world): All chunks are saved
[13:19:10] [Server thread/INFO]: ThreadedAnvilChunkStorage (DIM1): All chunks are saved
[13:19:10] [Server thread/INFO]: ThreadedAnvilChunkStorage (DIM-1): All chunks are saved
[13:19:10] [Server thread/INFO]: ThreadedAnvilChunkStorage: All dimensions are saved
